2020-12-25 19:56:04.995019300000 [$pid(ThreadId 5)] ERROR APP - start debugging failed. user error (ExecResult not found.) : Left "user error (ExecResult not found.)"
2020-12-25 19:56:20.669545700000 [$pid(ThreadId 5)] ERROR APP - user error (loaded module can not find from path. <d:\Pasquale\Pasquale\Progetti\Universita\Magistrale\1Y\Formal Methods for Computer Science\IMPterpreter\src\Parser.hs> [])
2020-12-25 19:56:37.556346100000 [$pid(ThreadId 8)] CRITICAL THREAD_MGR - Critical exit started.
2020-12-25 19:56:39.028677400000 [$pid(ThreadId 5)] ERROR APP - user error (loaded module can not find from path. <d:\Pasquale\Pasquale\Progetti\Universita\Magistrale\1Y\Formal Methods for Computer Science\IMPterpreter\src\Parser.hs> [])
2020-12-25 19:56:39.058684400000 [$pid(ThreadId 5)] ERROR APP - start debugging failed. user error (ExecResult not found.) : Left "user error (ExecResult not found.)"
2020-12-25 19:57:04.941269100000 [$pid(ThreadId 5)] ERROR APP - user error (loaded module can not find from path. <d:\Pasquale\Pasquale\Progetti\Universita\Magistrale\1Y\Formal Methods for Computer Science\IMPterpreter\src\Parser.hs> [])
2020-12-25 19:57:04.961273700000 [$pid(ThreadId 5)] ERROR APP - start debugging failed. user error (ExecResult not found.) : Left "user error (ExecResult not found.)"
2020-12-25 19:58:48.227868900000 [$pid(ThreadId 5)] ERROR APP - user error (loaded module can not find from path. <d:\Pasquale\Pasquale\Progetti\Universita\Magistrale\1Y\Formal Methods for Computer Science\IMPterpreter\src\Lib.hs> [])
2020-12-25 19:59:07.168554600000 [$pid(ThreadId 5)] ERROR APP - user error (loaded module can not find from path. <d:\Pasquale\Pasquale\Progetti\Universita\Magistrale\1Y\Formal Methods for Computer Science\IMPterpreter\src\Lib.hs> [])
2020-12-25 19:59:41.021453300000 [$pid(ThreadId 5)] ERROR APP - user error (loaded module can not find from path. <d:\Pasquale\Pasquale\Progetti\Universita\Magistrale\1Y\Formal Methods for Computer Science\IMPterpreter\src\Parser.hs> [])
2020-12-25 19:59:41.049459300000 [$pid(ThreadId 5)] ERROR APP - start debugging failed. user error (ExecResult not found.) : Left "user error (ExecResult not found.)"
2020-12-25 20:01:17.992858500000 [$pid(ThreadId 8)] CRITICAL THREAD_MGR - Critical exit started.
2020-12-25 20:01:29.117362000000 [$pid(ThreadId 5)] ERROR APP - user error (loaded module can not find from path. <d:\Pasquale\Pasquale\Progetti\Universita\Magistrale\1Y\Formal Methods for Computer Science\IMPterpreter\src\Parser.hs> [])
2020-12-25 20:01:29.139366700000 [$pid(ThreadId 5)] ERROR APP - start debugging failed. user error (ExecResult not found.) : Left "user error (ExecResult not found.)"
2020-12-25 20:05:42.186678100000 [$pid(ThreadId 8)] CRITICAL THREAD_MGR - Critical exit started.
2020-12-25 20:06:01.282975900000 [$pid(ThreadId 8)] CRITICAL THREAD_MGR - Critical exit started.
2020-12-25 20:07:11.374749000000 [$pid(ThreadId 5)] ERROR APP - invalid dap result from ghci. ["Stopped in Parser.<|>, D:\\Pasquale\\Pasquale\\Progetti\\Universita\\Magistrale\\1Y\\Formal_Methods_for_Computer_Science\\IMPterpreter\\src\\Parser.hs:(48,5)-(52,7)"]
2020-12-25 20:07:12.660037600000 [$pid(ThreadId 5)] ERROR APP - <file descriptor: 5>: hPutChar: resource vanished (Broken pipe)
2020-12-25 20:07:14.369422400000 [$pid(ThreadId 5)] ERROR APP - <file descriptor: 5>: hPutChar: resource vanished (Broken pipe)
2020-12-25 20:07:15.302632000000 [$pid(ThreadId 5)] ERROR APP - <file descriptor: 5>: hPutChar: resource vanished (Broken pipe)
2020-12-25 20:07:15.860757900000 [$pid(ThreadId 5)] ERROR APP - <file descriptor: 5>: hPutChar: resource vanished (Broken pipe)
2020-12-25 20:07:16.252846300000 [$pid(ThreadId 5)] ERROR APP - <file descriptor: 5>: hPutChar: resource vanished (Broken pipe)
2020-12-25 20:07:16.548912700000 [$pid(ThreadId 5)] ERROR APP - <file descriptor: 5>: hPutChar: resource vanished (Broken pipe)
2020-12-25 20:07:16.689943900000 [$pid(ThreadId 5)] ERROR APP - <file descriptor: 5>: hPutChar: resource vanished (Broken pipe)
2020-12-25 20:07:16.942000700000 [$pid(ThreadId 5)] ERROR APP - <file descriptor: 5>: hPutChar: resource vanished (Broken pipe)
2020-12-25 20:07:17.189056900000 [$pid(ThreadId 5)] ERROR APP - <file descriptor: 5>: hPutChar: resource vanished (Broken pipe)
2020-12-25 20:07:17.549138100000 [$pid(ThreadId 5)] ERROR APP - <file descriptor: 5>: hPutChar: resource vanished (Broken pipe)
2020-12-25 20:07:26.190082200000 [$pid(ThreadId 5)] ERROR APP - <file descriptor: 5>: hPutChar: resource vanished (Broken pipe)
2020-12-25 20:07:29.129743900000 [$pid(ThreadId 5)] ERROR APP - <file descriptor: 5>: hPutChar: resource vanished (Broken pipe)
2020-12-25 20:07:30.407031600000 [$pid(ThreadId 5)] ERROR APP - <file descriptor: 5>: hPutChar: resource vanished (Broken pipe)
2020-12-25 20:07:31.939376000000 [$pid(ThreadId 5)] ERROR APP - <file descriptor: 5>: hPutChar: resource vanished (Broken pipe)
2020-12-25 20:07:35.593197600000 [$pid(ThreadId 5)] ERROR APP - <file descriptor: 5>: hPutChar: resource vanished (Broken pipe)
2020-12-25 20:07:40.336266200000 [$pid(ThreadId 5)] ERROR APP - <file descriptor: 5>: hPutChar: resource vanished (Broken pipe)
2020-12-25 20:07:41.100437600000 [$pid(ThreadId 5)] ERROR APP - <file descriptor: 5>: hPutChar: resource vanished (Broken pipe)
2020-12-25 20:07:41.952629300000 [$pid(ThreadId 5)] ERROR APP - <file descriptor: 5>: hPutChar: resource vanished (Broken pipe)
2020-12-25 20:07:47.465870700000 [$pid(ThreadId 5)] ERROR APP - <file descriptor: 5>: hPutChar: resource vanished (Broken pipe)
2020-12-25 20:07:48.491100900000 [$pid(ThreadId 5)] ERROR APP - <file descriptor: 5>: hPutChar: resource vanished (Broken pipe)
2020-12-25 20:07:50.416534200000 [$pid(ThreadId 5)] ERROR APP - <file descriptor: 5>: hPutChar: resource vanished (Broken pipe)
2020-12-25 20:07:51.586797900000 [$pid(ThreadId 4)] WARNING REQUEST - unsupported request command. {"command":"stepOut","arguments":{"threadId":0},"type":"request","seq":85}
2020-12-25 20:07:55.221615100000 [$pid(ThreadId 4)] WARNING REQUEST - unsupported request command. {"command":"stepOut","arguments":{"threadId":0},"type":"request","seq":86}
2020-12-25 20:07:55.854758000000 [$pid(ThreadId 4)] WARNING REQUEST - unsupported request command. {"command":"stepOut","arguments":{"threadId":0},"type":"request","seq":87}
2020-12-25 20:07:56.988013800000 [$pid(ThreadId 5)] ERROR APP - <file descriptor: 5>: hPutChar: resource vanished (Broken pipe)
2020-12-25 20:07:58.130271200000 [$pid(ThreadId 5)] ERROR APP - <file descriptor: 5>: hPutChar: resource vanished (Broken pipe)
2020-12-25 20:07:58.330314700000 [$pid(ThreadId 5)] ERROR APP - <file descriptor: 5>: hPutChar: resource vanished (Broken pipe)
2020-12-25 20:07:58.532360000000 [$pid(ThreadId 5)] ERROR APP - <file descriptor: 5>: hPutChar: resource vanished (Broken pipe)
2020-12-25 20:08:00.044699900000 [$pid(ThreadId 5)] CRITICAL APP - <file descriptor: 5>: hPutChar: resource vanished (Broken pipe)
2020-12-25 20:08:00.926900000000 [$pid(ThreadId 8)] CRITICAL THREAD_MGR - Critical exit started.
2020-12-25 20:08:17.335591500000 [$pid(ThreadId 5)] ERROR APP - invalid dap result from ghci. ["<interactive>: internal error: evacuate: strange closure type 0","    (GHC version 8.8.4 for x86_64_unknown_mingw32)","    Please report this as a GHC bug:  https://www.haskell.org/ghc/reportabug"]
2020-12-25 20:08:23.619006400000 [$pid(ThreadId 5)] ERROR APP - <file descriptor: 5>: hPutChar: resource vanished (Broken pipe)
2020-12-25 20:08:24.795270200000 [$pid(ThreadId 5)] ERROR APP - <file descriptor: 5>: hPutChar: resource vanished (Broken pipe)
2020-12-25 20:08:24.996316100000 [$pid(ThreadId 5)] ERROR APP - <file descriptor: 5>: hPutChar: resource vanished (Broken pipe)
2020-12-25 20:08:25.601451600000 [$pid(ThreadId 5)] CRITICAL APP - <file descriptor: 5>: hPutChar: resource vanished (Broken pipe)
2020-12-25 20:08:26.305610200000 [$pid(ThreadId 8)] CRITICAL THREAD_MGR - Critical exit started.
2020-12-25 20:08:37.539137900000 [$pid(ThreadId 8)] CRITICAL THREAD_MGR - Critical exit started.
2020-12-25 20:09:30.283006500000 [$pid(ThreadId 8)] CRITICAL THREAD_MGR - Critical exit started.
2020-12-25 20:11:00.007044900000 [$pid(ThreadId 5)] ERROR APP - invalid dap result from ghci. ["Stopped in Parser.<|>, D:\\Pasquale\\Pasquale\\Progetti\\Universita\\Magistrale\\1Y\\Formal_Methods_for_Computer_Science\\IMPterpreter\\src\\Parser.hs:(49,19)-(51,40)","<interactive>: internal error: allocation of -2096095440 bytes too large (GHC should have complained at compile-time)","    (GHC version 8.8.4 for x86_64_unknown_mingw32)","    Please report this as a GHC bug:  https://www.haskell.org/ghc/reportabug"]
2020-12-25 20:11:10.877490800000 [$pid(ThreadId 5)] ERROR APP - <file descriptor: 5>: hPutChar: resource vanished (Broken pipe)
2020-12-25 20:11:14.611331500000 [$pid(ThreadId 5)] CRITICAL APP - <file descriptor: 5>: hPutChar: resource vanished (Broken pipe)
2020-12-25 20:11:15.141451100000 [$pid(ThreadId 8)] CRITICAL THREAD_MGR - Critical exit started.
2020-12-25 20:12:08.308414100000 [$pid(ThreadId 5)] ERROR APP - invalid dap result from ghci. ["Stopped in Parser.<|>, D:\\Pasquale\\Pasquale\\Progetti\\Universita\\Magistrale\\1Y\\Formal_Methods_for_Computer_Science\\IMPterpreter\\src\\Parser.hs:(49,19)-(51,40)"]
2020-12-25 20:12:09.222620400000 [$pid(ThreadId 5)] ERROR APP - <file descriptor: 5>: hPutChar: resource vanished (Broken pipe)
2020-12-25 20:12:13.039479600000 [$pid(ThreadId 5)] CRITICAL APP - <file descriptor: 5>: hPutChar: resource vanished (Broken pipe)
2020-12-25 20:12:13.494582200000 [$pid(ThreadId 8)] CRITICAL THREAD_MGR - Critical exit started.
2020-12-25 20:12:41.087791200000 [$pid(ThreadId 5)] ERROR APP - invalid dap result from ghci. ["Stopped in Parser.<|>, D:\\Pasquale\\Pasquale\\Progetti\\Universita\\Magistrale\\1Y\\Formal_Methods_for_Computer_Science\\IMPterpreter\\src\\Parser.hs:(48,5)-(52,7)"]
2020-12-25 20:12:42.530116200000 [$pid(ThreadId 5)] ERROR APP - <file descriptor: 5>: hPutChar: resource vanished (Broken pipe)
2020-12-25 20:12:51.448122000000 [$pid(ThreadId 5)] CRITICAL APP - <file descriptor: 5>: hPutChar: resource vanished (Broken pipe)
2020-12-25 20:12:52.235300300000 [$pid(ThreadId 8)] CRITICAL THREAD_MGR - Critical exit started.
2020-12-25 20:20:00.320631500000 [$pid(ThreadId 5)] ERROR APP - invalid dap result from ghci. ["<interactive>: internal error: evacuate: strange closure type 164155433","    (GHC version 8.8.4 for x86_64_unknown_mingw32)","    Please report this as a GHC bug:  https://www.haskell.org/ghc/reportabug"]
2020-12-25 20:20:08.797010500000 [$pid(ThreadId 5)] ERROR APP - <file descriptor: 5>: hPutChar: resource vanished (Broken pipe)
2020-12-25 20:20:13.769129500000 [$pid(ThreadId 5)] CRITICAL APP - <file descriptor: 5>: hPutChar: resource vanished (Broken pipe)
2020-12-25 20:20:14.673331800000 [$pid(ThreadId 8)] CRITICAL THREAD_MGR - Critical exit started.
2020-12-25 20:24:59.631456200000 [$pid(ThreadId 5)] ERROR APP - start debugging failed. user error (ExecResult not found.) : Left "user error (ExecResult not found.)"
2020-12-25 21:22:36.077775700000 [$pid(ThreadId 5)] ERROR APP - invalid dap result from ghci. ["<interactive>: getMBlocks: VirtualAlloc MEM_COMMIT failed: Il file di paging \65533 troppo piccolo per essere completato."]
2020-12-25 21:22:36.120785000000 [$pid(ThreadId 5)] ERROR APP - <file descriptor: 5>: hPutChar: resource vanished (Broken pipe)
2020-12-25 21:22:36.124786100000 [$pid(ThreadId 5)] CRITICAL APP - <file descriptor: 5>: hPutChar: resource vanished (Broken pipe)
2020-12-25 21:22:36.438856700000 [$pid(ThreadId 8)] CRITICAL THREAD_MGR - Critical exit started.
2020-12-26 10:45:11.079254800000 [$pid(ThreadId 8)] CRITICAL THREAD_MGR - Critical exit started.
2020-12-26 11:22:10.233630800000 [$pid(ThreadId 8)] CRITICAL THREAD_MGR - Critical exit started.
2020-12-26 11:22:30.410712000000 [$pid(ThreadId 8)] CRITICAL THREAD_MGR - Critical exit started.
2020-12-26 11:22:44.416876300000 [$pid(ThreadId 8)] CRITICAL THREAD_MGR - Critical exit started.
2020-12-26 11:22:57.639862700000 [$pid(ThreadId 8)] CRITICAL THREAD_MGR - Critical exit started.
2020-12-26 11:23:13.471326700000 [$pid(ThreadId 8)] CRITICAL THREAD_MGR - Critical exit started.
2020-12-26 11:24:28.060186400000 [$pid(ThreadId 5)] ERROR APP - invalid dap result from ghci. ["<interactive>: internal error: evacuate: strange closure type 0","    (GHC version 8.8.4 for x86_64_unknown_mingw32)","    Please report this as a GHC bug:  https://www.haskell.org/ghc/reportabug"]
2020-12-26 11:24:33.892503400000 [$pid(ThreadId 5)] CRITICAL APP - <file descriptor: 5>: hPutChar: resource vanished (Broken pipe)
2020-12-26 11:24:34.809709400000 [$pid(ThreadId 8)] CRITICAL THREAD_MGR - Critical exit started.
2020-12-26 12:03:25.170160200000 [$pid(ThreadId 8)] CRITICAL THREAD_MGR - Critical exit started.
2020-12-26 12:05:38.804306100000 [$pid(ThreadId 8)] CRITICAL THREAD_MGR - Critical exit started.
2020-12-26 12:07:30.959746000000 [$pid(ThreadId 8)] CRITICAL THREAD_MGR - Critical exit started.
2020-12-26 12:08:33.653077700000 [$pid(ThreadId 8)] CRITICAL THREAD_MGR - Critical exit started.
2020-12-26 12:08:44.653562100000 [$pid(ThreadId 8)] CRITICAL THREAD_MGR - Critical exit started.
2020-12-26 12:09:07.347606400000 [$pid(ThreadId 8)] CRITICAL THREAD_MGR - Critical exit started.
2020-12-26 12:09:23.916348000000 [$pid(ThreadId 8)] CRITICAL THREAD_MGR - Critical exit started.
2020-12-26 12:09:41.528325500000 [$pid(ThreadId 8)] CRITICAL THREAD_MGR - Critical exit started.
2020-12-26 12:11:57.504862800000 [$pid(ThreadId 8)] CRITICAL THREAD_MGR - Critical exit started.
2020-12-26 12:12:08.137264000000 [$pid(ThreadId 8)] CRITICAL THREAD_MGR - Critical exit started.
2020-12-26 12:12:29.252032600000 [$pid(ThreadId 8)] CRITICAL THREAD_MGR - Critical exit started.
2020-12-26 12:15:53.456942800000 [$pid(ThreadId 8)] CRITICAL THREAD_MGR - Critical exit started.
2020-12-26 12:16:01.724809900000 [$pid(ThreadId 8)] CRITICAL THREAD_MGR - Critical exit started.
2020-12-26 12:16:10.342491900000 [$pid(ThreadId 8)] CRITICAL THREAD_MGR - Critical exit started.
2020-12-26 12:17:36.853559300000 [$pid(ThreadId 8)] CRITICAL THREAD_MGR - Critical exit started.
2020-12-26 12:20:44.975847300000 [$pid(ThreadId 8)] CRITICAL THREAD_MGR - Critical exit started.
2020-12-26 12:21:01.812896100000 [$pid(ThreadId 8)] CRITICAL THREAD_MGR - Critical exit started.
2020-12-26 12:21:15.347952700000 [$pid(ThreadId 8)] CRITICAL THREAD_MGR - Critical exit started.
2020-12-26 12:23:12.009971600000 [$pid(ThreadId 8)] CRITICAL THREAD_MGR - Critical exit started.
2020-12-26 12:24:56.198991500000 [$pid(ThreadId 8)] CRITICAL THREAD_MGR - Critical exit started.
2020-12-26 12:25:48.599305900000 [$pid(ThreadId 8)] CRITICAL THREAD_MGR - Critical exit started.
2020-12-26 12:26:24.500414200000 [$pid(ThreadId 8)] CRITICAL THREAD_MGR - Critical exit started.
2020-12-26 12:33:08.761119200000 [$pid(ThreadId 8)] CRITICAL THREAD_MGR - Critical exit started.
2020-12-26 12:39:28.197496900000 [$pid(ThreadId 8)] CRITICAL THREAD_MGR - Critical exit started.
2020-12-26 12:39:37.051088200000 [$pid(ThreadId 8)] CRITICAL THREAD_MGR - Critical exit started.
2020-12-26 12:40:19.443664500000 [$pid(ThreadId 8)] CRITICAL THREAD_MGR - Critical exit started.
2020-12-26 12:45:19.710321300000 [$pid(ThreadId 8)] CRITICAL THREAD_MGR - Critical exit started.
2020-12-26 12:45:48.751593900000 [$pid(ThreadId 8)] CRITICAL THREAD_MGR - Critical exit started.
2020-12-26 12:50:43.551701700000 [$pid(ThreadId 5)] ERROR APP - user error (loaded module can not find from path. <d:\Pasquale\Pasquale\Progetti\Universita\Magistrale\1Y\Formal_Methods_for_Computer_Science\IMPterpreter\src\Parser.hs> [("Functions","D:\\Pasquale\\Pasquale\\Progetti\\Universita\\Magistrale\\1Y\\Formal_Methods_for_Computer_Science\\IMPterpreter\\src\\Functions.hs"),("Grammar","D:\\Pasquale\\Pasquale\\Progetti\\Universita\\Magistrale\\1Y\\Formal_Methods_for_Computer_Science\\IMPterpreter\\src\\Grammar.hs")])
2020-12-26 12:50:43.570706500000 [$pid(ThreadId 5)] ERROR APP - start debugging failed. user error (ExecResult not found.) : Left "user error (ExecResult not found.)"
2020-12-26 12:52:14.359168400000 [$pid(ThreadId 8)] CRITICAL THREAD_MGR - Critical exit started.
2020-12-26 12:53:42.074373200000 [$pid(ThreadId 8)] CRITICAL THREAD_MGR - Critical exit started.
2020-12-26 12:54:04.084343800000 [$pid(ThreadId 8)] CRITICAL THREAD_MGR - Critical exit started.
2020-12-26 12:54:17.812444400000 [$pid(ThreadId 8)] CRITICAL THREAD_MGR - Critical exit started.
2020-12-26 12:55:02.501536500000 [$pid(ThreadId 8)] CRITICAL THREAD_MGR - Critical exit started.
2020-12-26 12:55:23.727458300000 [$pid(ThreadId 8)] CRITICAL THREAD_MGR - Critical exit started.
2020-12-26 12:55:39.860101400000 [$pid(ThreadId 8)] CRITICAL THREAD_MGR - Critical exit started.
2020-12-26 13:00:06.843720900000 [$pid(ThreadId 5)] ERROR APP - already at the beginning of the history
2020-12-26 13:00:07.855950500000 [$pid(ThreadId 5)] ERROR APP - already at the beginning of the history
2020-12-26 13:00:08.622124000000 [$pid(ThreadId 5)] ERROR APP - already at the beginning of the history
2020-12-26 13:00:20.508806600000 [$pid(ThreadId 5)] ERROR APP - already at the beginning of the history
2020-12-26 13:00:49.889020000000 [$pid(ThreadId 5)] ERROR APP - already at the beginning of the history
2020-12-26 13:00:53.291789500000 [$pid(ThreadId 5)] ERROR APP - already at the beginning of the history
2020-12-26 13:00:56.154435900000 [$pid(ThreadId 5)] ERROR APP - already at the beginning of the history
2020-12-26 13:01:02.235810000000 [$pid(ThreadId 5)] ERROR APP - already at the beginning of the history
2020-12-26 13:01:10.195606700000 [$pid(ThreadId 5)] ERROR APP - already at the beginning of the history
2020-12-26 13:01:11.872984800000 [$pid(ThreadId 5)] ERROR APP - already at the beginning of the history
2020-12-26 13:01:13.214287700000 [$pid(ThreadId 5)] ERROR APP - already at the beginning of the history
2020-12-26 13:01:14.052477700000 [$pid(ThreadId 5)] ERROR APP - already at the beginning of the history
2020-12-26 13:01:14.987688800000 [$pid(ThreadId 5)] ERROR APP - already at the beginning of the history
2020-12-26 13:01:17.552268300000 [$pid(ThreadId 5)] ERROR APP - already at the beginning of the history
2020-12-26 13:01:18.680523600000 [$pid(ThreadId 5)] ERROR APP - already at the beginning of the history
2020-12-26 13:01:24.989946900000 [$pid(ThreadId 5)] ERROR APP - already at the beginning of the history
2020-12-26 13:01:27.166438800000 [$pid(ThreadId 5)] ERROR APP - already at the beginning of the history
2020-12-26 13:01:28.198672300000 [$pid(ThreadId 5)] ERROR APP - already at the beginning of the history
2020-12-26 13:01:29.031861500000 [$pid(ThreadId 5)] ERROR APP - already at the beginning of the history
2020-12-26 13:01:30.115106000000 [$pid(ThreadId 5)] ERROR APP - already at the beginning of the history
2020-12-26 13:01:31.173344300000 [$pid(ThreadId 5)] ERROR APP - already at the beginning of the history
2020-12-26 13:01:31.994529200000 [$pid(ThreadId 5)] ERROR APP - already at the beginning of the history
2020-12-26 13:02:14.117777600000 [$pid(ThreadId 5)] ERROR APP - already at the beginning of the history
2020-12-26 13:02:22.485667100000 [$pid(ThreadId 5)] ERROR APP - already at the beginning of the history
2020-12-26 13:02:26.601597800000 [$pid(ThreadId 5)] ERROR APP - already at the beginning of the history
2020-12-26 13:02:28.982136000000 [$pid(ThreadId 5)] ERROR APP - already at the beginning of the history
2020-12-26 13:02:29.731304300000 [$pid(ThreadId 5)] ERROR APP - already at the beginning of the history
2020-12-26 13:02:30.322437200000 [$pid(ThreadId 5)] ERROR APP - already at the beginning of the history
2020-12-26 13:02:31.636201100000 [$pid(ThreadId 5)] ERROR APP - already at the beginning of the history
2020-12-26 13:02:32.338360600000 [$pid(ThreadId 5)] ERROR APP - already at the beginning of the history
2020-12-26 13:02:43.315838900000 [$pid(ThreadId 5)] ERROR APP - already at the beginning of the history
2020-12-26 13:02:45.030225600000 [$pid(ThreadId 5)] ERROR APP - already at the beginning of the history
2020-12-26 13:02:46.400535600000 [$pid(ThreadId 5)] ERROR APP - already at the beginning of the history
2020-12-26 13:02:49.916328400000 [$pid(ThreadId 5)] ERROR APP - already at the beginning of the history
2020-12-26 13:02:51.750744500000 [$pid(ThreadId 5)] ERROR APP - already at the beginning of the history
2020-12-26 13:02:55.222527700000 [$pid(ThreadId 5)] ERROR APP - already at the beginning of the history
2020-12-26 13:02:56.355783400000 [$pid(ThreadId 5)] ERROR APP - already at the beginning of the history
2020-12-26 13:02:57.071945200000 [$pid(ThreadId 5)] ERROR APP - already at the beginning of the history
2020-12-26 13:05:49.624800900000 [$pid(ThreadId 8)] CRITICAL THREAD_MGR - Critical exit started.
2020-12-26 13:06:00.663293000000 [$pid(ThreadId 5)] ERROR APP - user error (loaded module can not find from path. <d:\Pasquale\Pasquale\Progetti\Universita\Magistrale\1Y\Formal_Methods_for_Computer_Science\IMPterpreter\src\Parser.hs> [("Functions","D:\\Pasquale\\Pasquale\\Progetti\\Universita\\Magistrale\\1Y\\Formal_Methods_for_Computer_Science\\IMPterpreter\\src\\Functions.hs"),("Grammar","D:\\Pasquale\\Pasquale\\Progetti\\Universita\\Magistrale\\1Y\\Formal_Methods_for_Computer_Science\\IMPterpreter\\src\\Grammar.hs")])
2020-12-26 13:06:00.686298000000 [$pid(ThreadId 5)] ERROR APP - start debugging failed. user error (ExecResult not found.) : Left "user error (ExecResult not found.)"
2020-12-26 13:06:32.113329100000 [$pid(ThreadId 8)] CRITICAL THREAD_MGR - Critical exit started.
2020-12-26 13:07:03.772754300000 [$pid(ThreadId 8)] CRITICAL THREAD_MGR - Critical exit started.
2020-12-26 13:07:17.049751900000 [$pid(ThreadId 8)] CRITICAL THREAD_MGR - Critical exit started.
2020-12-26 13:07:30.394890300000 [$pid(ThreadId 8)] CRITICAL THREAD_MGR - Critical exit started.
2020-12-26 13:08:43.317480300000 [$pid(ThreadId 8)] CRITICAL THREAD_MGR - Critical exit started.
2020-12-26 13:08:59.438120800000 [$pid(ThreadId 8)] CRITICAL THREAD_MGR - Critical exit started.
2020-12-26 13:09:32.201117600000 [$pid(ThreadId 8)] CRITICAL THREAD_MGR - Critical exit started.
2020-12-26 16:31:48.526656600000 [$pi2020-12-26 16:56:46.425548100000 [$pid(ThreadId 8)] CRITICAL THREAD_MGR - Critical exit started.
2020-12-26 22:40:17.873246800000 [$pid(ThreadId 8)] CRITICAL THREAD_MGR - Critical exit started.
2020-12-26 22:41:35.271735100000 [$pid(ThreadId 4)] WARNING REQUEST - unsupported request command. {"command":"stepOut","arguments":{"threadId":0},"type":"request","seq":51}
2020-12-26 22:41:35.788528900000 [$pid(ThreadId 4)] WARNING REQUEST - unsupported request command. {"command":"stepOut","arguments":{"threadId":0},"type":"request","seq":52}
2020-12-26 22:42:32.923105600000 [$pid(ThreadId 5)] ERROR APP - already at the beginning of the history
2020-12-26 22:42:43.169181500000 [$pid(ThreadId 5)] ERROR APP - already at the beginning of the history
2020-12-26 22:42:44.090528200000 [$pid(ThreadId 5)] ERROR APP - already at the beginning of the history
2020-12-26 22:42:45.124346600000 [$pid(ThreadId 5)] ERROR APP - already at the beginning of the history
2020-12-26 22:42:47.270634000000 [$pid(ThreadId 5)] ERROR APP - already at the beginning of the history
2020-12-26 22:42:58.973880200000 [$pid(ThreadId 5)] ERROR APP - already at the beginning of the history
2020-12-26 22:43:05.832609900000 [$pid(ThreadId 5)] ERROR APP - already at the beginning of the history
2020-12-26 22:43:07.574899500000 [$pid(ThreadId 5)] ERROR APP - already at the beginning of the history
2020-12-26 22:43:09.546318200000 [$pid(ThreadId 8)] CRITICAL THREAD_MGR - Critical exit started.
2020-12-26 23:00:00.284800800000 [$pid(ThreadId 5)] ERROR APP - invalid dap result from ghci. []
2020-12-26 23:00:00.370676100000 [$pid(ThreadId 5)] CRITICAL APP - <file descriptor: 5>: hPutChar: resource vanished (Broken pipe)
2020-12-26 23:00:00.591552100000 [$pid(ThreadId 8)] CRITICAL THREAD_MGR - Critical exit started.
2020-12-26 23:30:51.583684100000 [$pid(ThreadId 8)] CRITICAL THREAD_MGR - Critical exit started.
2020-12-30 00:45:26.767702100000 [$pid(ThreadId 8)] CRITICAL THREAD_MGR - Critical exit started.
2020-12-30 00:45:48.164518000000 [$pid(ThreadId 8)] CRITICAL THREAD_MGR - Critical exit started.
2020-12-30 00:46:27.272385100000 [$pid(ThreadId 8)] CRITICAL THREAD_MGR - Critical exit started.
2020-12-30 00:46:40.102286900000 [$pid(ThreadId 5)] ERROR APP - start debugging failed. user error (ExecResult not found.) : Left "user error (ExecResult not found.)"
2020-12-30 00:47:10.895077200000 [$pid(ThreadId 5)] ERROR APP - start debugging failed. user error (ExecResult not found.) : Left "user error (ExecResult not found.)"
2020-12-30 01:12:16.315973500000 [$pid(ThreadId 5)] ERROR APP - start debugging failed. user error (ExecResult not found.) : Left "user error (ExecResult not found.)"
2020-12-30 20:32:15.901883000000 [$pid(ThreadId 5)] ERROR APP - user error (loaded module can not find from path. <d:\Pasquale\Pasquale\Progetti\Universita\Magistrale\1Y\Formal_Methods_for_Computer_Science\IMPterpreter\src\Interpreter.hs> [("Functions","D:\\Pasquale\\Pasquale\\Progetti\\Universita\\Magistrale\\1Y\\Formal_Methods_for_Computer_Science\\IMPterpreter\\src\\Functions.hs"),("Grammar","D:\\Pasquale\\Pasquale\\Progetti\\Universita\\Magistrale\\1Y\\Formal_Methods_for_Computer_Science\\IMPterpreter\\src\\Grammar.hs"),("Parser","d:/Pasquale/Pasquale/Progetti/Universita/Magistrale/1Y/Formal_Methods_for_Computer_Science/IMPterpreter/src/Parser.hs")])
2020-12-30 20:32:17.449233500000 [$pid(ThreadId 8)] CRITICAL THREAD_MGR - Critical exit started.
2020-12-30 20:32:28.845816200000 [$pid(ThreadId 5)] ERROR APP - user error (loaded module can not find from path. <d:\Pasquale\Pasquale\Progetti\Universita\Magistrale\1Y\Formal_Methods_for_Computer_Science\IMPterpreter\src\Interpreter.hs> [("Functions","D:\\Pasquale\\Pasquale\\Progetti\\Universita\\Magistrale\\1Y\\Formal_Methods_for_Computer_Science\\IMPterpreter\\src\\Functions.hs"),("Grammar","D:\\Pasquale\\Pasquale\\Progetti\\Universita\\Magistrale\\1Y\\Formal_Methods_for_Computer_Science\\IMPterpreter\\src\\Grammar.hs"),("Parser","d:/Pasquale/Pasquale/Progetti/Universita/Magistrale/1Y/Formal_Methods_for_Computer_Science/IMPterpreter/src/Parser.hs")])
2020-12-30 20:32:30.481300000000 [$pid(ThreadId 8)] CRITICAL THREAD_MGR - Critical exit started.
2020-12-30 20:32:47.979479000000 [$pid(ThreadId 5)] ERROR APP - user error (loaded module can not find from path. <d:\Pasquale\Pasquale\Progetti\Universita\Magistrale\1Y\Formal_Methods_for_Computer_Science\IMPterpreter\src\Interpreter.hs> [("Functions","D:\\Pasquale\\Pasquale\\Progetti\\Universita\\Magistrale\\1Y\\Formal_Methods_for_Computer_Science\\IMPterpreter\\src\\Functions.hs"),("Grammar","D:\\Pasquale\\Pasquale\\Progetti\\Universita\\Magistrale\\1Y\\Formal_Methods_for_Computer_Science\\IMPterpreter\\src\\Grammar.hs"),("Parser","d:/Pasquale/Pasquale/Progetti/Universita/Magistrale/1Y/Formal_Methods_for_Computer_Science/IMPterpreter/src/Parser.hs")])
2020-12-31 17:01:14.527415900000 [$pid(ThreadId 5)] ERROR APP - user error (loaded module can not find from path. <d:\Pasquale\Pasquale\Progetti\Universita\Magistrale\1Y\Formal_Methods_for_Computer_Science\IMPterpreter\src\Interpreter.hs> [("Functions","D:\\Pasquale\\Pasquale\\Progetti\\Universita\\Magistrale\\1Y\\Formal_Methods_for_Computer_Science\\IMPterpreter\\src\\Functions.hs"),("Grammar","D:\\Pasquale\\Pasquale\\Progetti\\Universita\\Magistrale\\1Y\\Formal_Methods_for_Computer_Science\\IMPterpreter\\src\\Grammar.hs"),("Parser","d:/Pasquale/Pasquale/Progetti/Universita/Magistrale/1Y/Formal_Methods_for_Computer_Science/IMPterpreter/src/Parser.hs")])
2021-01-01 17:08:38.970180500000 [$pid(ThreadId 5)] ERROR APP - start debugging failed. user error (ExecResult not found.) : Left "user error (ExecResult not found.)"
2021-01-01 17:54:59.699925900000 [$pid(ThreadId 8)] CRITICAL THREAD_MGR - Critical exit started.
2021-01-03 19:28:53.21111